  [1m[35m (0.6ms)[0m  [1m[34mSELECT pg_try_advisory_lock(1455748880368644120)[0m
  ↳ /Users/dodo/.rvm/rubies/ruby-2.6.0/lib/ruby/gems/2.6.0/gems/rake-12.3.2/lib/rake/task.rb:273
  [1m[35m (7.9ms)[0m  [1m[34mSELECT "schema_migrations"."version" FROM "schema_migrations" ORDER BY "schema_migrations"."version" ASC[0m
  ↳ /Users/dodo/.rvm/rubies/ruby-2.6.0/lib/ruby/gems/2.6.0/gems/rake-12.3.2/lib/rake/task.rb:273
Migrating to CreateAccounts (20190511123313)
  [1m[35m (0.3ms)[0m  [1m[35mBEGIN[0m
  ↳ /Users/dodo/.rvm/rubies/ruby-2.6.0/lib/ruby/gems/2.6.0/gems/rake-12.3.2/lib/rake/task.rb:273
  [1m[35m (77.1ms)[0m  [1m[35mCREATE TABLE "accounts" ("id" bigserial primary key, "name" character varying NOT NULL, "slug" character varying NOT NULL, "note" text, "current_value" float NOT NULL, "inactivated_at" timestamp, "user_id" bigint NOT NULL, "created_at" timestamp NOT NULL, "updated_at" timestamp NOT NULL)[0m
  ↳ db/migrate/20190511123313_create_accounts.rb:3
  [1m[35m (2.0ms)[0m  [1m[35mCREATE  INDEX  "index_accounts_on_user_id" ON "accounts"  ("user_id")[0m
  ↳ db/migrate/20190511123313_create_accounts.rb:3
  [1m[35m (21.7ms)[0m  [1m[35mALTER TABLE "accounts" ADD CONSTRAINT "fk_rails_b1e30bebc8"
FOREIGN KEY ("user_id")
  REFERENCES "users" ("id")
[0m
  ↳ db/migrate/20190511123313_create_accounts.rb:12
  [1m[36mActiveRecord::SchemaMigration Create (0.6ms)[0m  [1m[32mINSERT INTO "schema_migrations" ("version") VALUES ($1) RETURNING "version"[0m  [["version", "20190511123313"]]
  ↳ /Users/dodo/.rvm/rubies/ruby-2.6.0/lib/ruby/gems/2.6.0/gems/rake-12.3.2/lib/rake/task.rb:273
  [1m[35m (4.3ms)[0m  [1m[35mCOMMIT[0m
  ↳ /Users/dodo/.rvm/rubies/ruby-2.6.0/lib/ruby/gems/2.6.0/gems/rake-12.3.2/lib/rake/task.rb:273
  [1m[36mActiveRecord::InternalMetadata Load (0.8ms)[0m  [1m[34mSELECT  "ar_internal_metadata".* FROM "ar_internal_metadata" WHERE "ar_internal_metadata"."key" = $1 LIMIT $2[0m  [["key", "environment"], ["LIMIT", 1]]
  ↳ /Users/dodo/.rvm/rubies/ruby-2.6.0/lib/ruby/gems/2.6.0/gems/rake-12.3.2/lib/rake/task.rb:273
  [1m[35m (0.3ms)[0m  [1m[35mBEGIN[0m
  ↳ /Users/dodo/.rvm/rubies/ruby-2.6.0/lib/ruby/gems/2.6.0/gems/rake-12.3.2/lib/rake/task.rb:273
  [1m[35m (0.3ms)[0m  [1m[35mCOMMIT[0m
  ↳ /Users/dodo/.rvm/rubies/ruby-2.6.0/lib/ruby/gems/2.6.0/gems/rake-12.3.2/lib/rake/task.rb:273
  [1m[35m (0.4ms)[0m  [1m[34mSELECT pg_advisory_unlock(1455748880368644120)[0m
  ↳ /Users/dodo/.rvm/rubies/ruby-2.6.0/lib/ruby/gems/2.6.0/gems/rake-12.3.2/lib/rake/task.rb:273
  [1m[35m (0.5ms)[0m  [1m[34mSELECT "schema_migrations"."version" FROM "schema_migrations" ORDER BY "schema_migrations"."version" ASC[0m
  ↳ /Users/dodo/.rvm/rubies/ruby-2.6.0/lib/ruby/gems/2.6.0/gems/rake-12.3.2/lib/rake/task.rb:273
  [1m[35m (0.5ms)[0m  [1m[34mSELECT pg_try_advisory_lock(1455748880368644120)[0m
  ↳ /Users/dodo/.rvm/rubies/ruby-2.6.0/lib/ruby/gems/2.6.0/gems/rake-12.3.2/lib/rake/task.rb:273
  [1m[35m (7.8ms)[0m  [1m[34mSELECT "schema_migrations"."version" FROM "schema_migrations" ORDER BY "schema_migrations"."version" ASC[0m
  ↳ /Users/dodo/.rvm/rubies/ruby-2.6.0/lib/ruby/gems/2.6.0/gems/rake-12.3.2/lib/rake/task.rb:273
Migrating to CreateExpenseLogs (20190511124245)
  [1m[35m (0.5ms)[0m  [1m[35mBEGIN[0m
  ↳ /Users/dodo/.rvm/rubies/ruby-2.6.0/lib/ruby/gems/2.6.0/gems/rake-12.3.2/lib/rake/task.rb:273
  [1m[35m (66.4ms)[0m  [1m[35mCREATE TABLE "expense_logs" ("id" bigserial primary key, "user_id" bigint NOT NULL, "account_id" bigint NOT NULL, "category_id" bigint NOT NULL, "amount_id" bigint NOT NULL, "note_id" bigint NOT NULL, "mode" integer NOT NULL, "created_at" timestamp NOT NULL, "updated_at" timestamp NOT NULL)[0m
  ↳ db/migrate/20190511124245_create_expense_logs.rb:3
  [1m[35m (3.8ms)[0m  [1m[35mCREATE  INDEX  "index_expense_logs_on_user_id" ON "expense_logs"  ("user_id")[0m
  ↳ db/migrate/20190511124245_create_expense_logs.rb:3
  [1m[35m (3.2ms)[0m  [1m[35mCREATE  INDEX  "index_expense_logs_on_account_id" ON "expense_logs"  ("account_id")[0m
  ↳ db/migrate/20190511124245_create_expense_logs.rb:3
  [1m[35m (3.2ms)[0m  [1m[35mCREATE  INDEX  "index_expense_logs_on_category_id" ON "expense_logs"  ("category_id")[0m
  ↳ db/migrate/20190511124245_create_expense_logs.rb:3
  [1m[35m (3.4ms)[0m  [1m[35mCREATE  INDEX  "index_expense_logs_on_amount_id" ON "expense_logs"  ("amount_id")[0m
  ↳ db/migrate/20190511124245_create_expense_logs.rb:3
  [1m[35m (4.7ms)[0m  [1m[35mCREATE  INDEX  "index_expense_logs_on_note_id" ON "expense_logs"  ("note_id")[0m
  ↳ db/migrate/20190511124245_create_expense_logs.rb:3
  [1m[36mActiveRecord::SchemaMigration Create (0.6ms)[0m  [1m[32mINSERT INTO "schema_migrations" ("version") VALUES ($1) RETURNING "version"[0m  [["version", "20190511124245"]]
  ↳ /Users/dodo/.rvm/rubies/ruby-2.6.0/lib/ruby/gems/2.6.0/gems/rake-12.3.2/lib/rake/task.rb:273
  [1m[35m (4.3ms)[0m  [1m[35mCOMMIT[0m
  ↳ /Users/dodo/.rvm/rubies/ruby-2.6.0/lib/ruby/gems/2.6.0/gems/rake-12.3.2/lib/rake/task.rb:273
  [1m[36mActiveRecord::InternalMetadata Load (33.1ms)[0m  [1m[34mSELECT  "ar_internal_metadata".* FROM "ar_internal_metadata" WHERE "ar_internal_metadata"."key" = $1 LIMIT $2[0m  [["key", "environment"], ["LIMIT", 1]]
  ↳ /Users/dodo/.rvm/rubies/ruby-2.6.0/lib/ruby/gems/2.6.0/gems/rake-12.3.2/lib/rake/task.rb:273
  [1m[35m (0.4ms)[0m  [1m[35mBEGIN[0m
  ↳ /Users/dodo/.rvm/rubies/ruby-2.6.0/lib/ruby/gems/2.6.0/gems/rake-12.3.2/lib/rake/task.rb:273
  [1m[35m (0.4ms)[0m  [1m[35mCOMMIT[0m
  ↳ /Users/dodo/.rvm/rubies/ruby-2.6.0/lib/ruby/gems/2.6.0/gems/rake-12.3.2/lib/rake/task.rb:273
  [1m[35m (0.4ms)[0m  [1m[34mSELECT pg_advisory_unlock(1455748880368644120)[0m
  ↳ /Users/dodo/.rvm/rubies/ruby-2.6.0/lib/ruby/gems/2.6.0/gems/rake-12.3.2/lib/rake/task.rb:273
  [1m[35m (0.5ms)[0m  [1m[34mSELECT "schema_migrations"."version" FROM "schema_migrations" ORDER BY "schema_migrations"."version" ASC[0m
  ↳ /Users/dodo/.rvm/rubies/ruby-2.6.0/lib/ruby/gems/2.6.0/gems/rake-12.3.2/lib/rake/task.rb:273
  [1m[35m (150.2ms)[0m  [1m[35mCREATE TABLE "schema_migrations" ("version" character varying NOT NULL PRIMARY KEY)[0m
  ↳ /Users/dodo/.rvm/rubies/ruby-2.6.0/lib/ruby/gems/2.6.0/gems/rake-12.3.2/lib/rake/task.rb:273
  [1m[35m (24.7ms)[0m  [1m[35mCREATE TABLE "ar_internal_metadata" ("key" character varying NOT NULL PRIMARY KEY, "value" character varying, "created_at" timestamp NOT NULL, "updated_at" timestamp NOT NULL)[0m
  ↳ /Users/dodo/.rvm/rubies/ruby-2.6.0/lib/ruby/gems/2.6.0/gems/rake-12.3.2/lib/rake/task.rb:273
  [1m[35m (3.0ms)[0m  [1m[34mSELECT pg_try_advisory_lock(1455748880368644120)[0m
  ↳ /Users/dodo/.rvm/rubies/ruby-2.6.0/lib/ruby/gems/2.6.0/gems/rake-12.3.2/lib/rake/task.rb:273
  [1m[35m (4.8ms)[0m  [1m[34mSELECT "schema_migrations"."version" FROM "schema_migrations" ORDER BY "schema_migrations"."version" ASC[0m
  ↳ /Users/dodo/.rvm/rubies/ruby-2.6.0/lib/ruby/gems/2.6.0/gems/rake-12.3.2/lib/rake/task.rb:273
Migrating to DeviseCreateUsers (20190428063126)
  [1m[35m (0.5ms)[0m  [1m[35mBEGIN[0m
  ↳ /Users/dodo/.rvm/rubies/ruby-2.6.0/lib/ruby/gems/2.6.0/gems/rake-12.3.2/lib/rake/task.rb:273
  [1m[35m (35.7ms)[0m  [1m[35mCREATE TABLE "users" ("id" bigserial primary key, "email" character varying DEFAULT '' NOT NULL, "encrypted_password" character varying DEFAULT '' NOT NULL, "reset_password_token" character varying, "reset_password_sent_at" timestamp, "remember_created_at" timestamp, "created_at" timestamp NOT NULL, "updated_at" timestamp NOT NULL)[0m
  ↳ db/migrate/20190428063126_devise_create_users.rb:5
  [1m[35m (3.4ms)[0m  [1m[35mCREATE UNIQUE INDEX  "index_users_on_email" ON "users"  ("email")[0m
  ↳ db/migrate/20190428063126_devise_create_users.rb:39
  [1m[35m (1.7ms)[0m  [1m[35mCREATE UNIQUE INDEX  "index_users_on_reset_password_token" ON "users"  ("reset_password_token")[0m
  ↳ db/migrate/20190428063126_devise_create_users.rb:40
  [1m[36mActiveRecord::SchemaMigration Create (1.1ms)[0m  [1m[32mINSERT INTO "schema_migrations" ("version") VALUES ($1) RETURNING "version"[0m  [["version", "20190428063126"]]
  ↳ /Users/dodo/.rvm/rubies/ruby-2.6.0/lib/ruby/gems/2.6.0/gems/rake-12.3.2/lib/rake/task.rb:273
  [1m[35m (4.5ms)[0m  [1m[35mCOMMIT[0m
  ↳ /Users/dodo/.rvm/rubies/ruby-2.6.0/lib/ruby/gems/2.6.0/gems/rake-12.3.2/lib/rake/task.rb:273
Migrating to CreateActiveAdminComments (20190428111758)
  [1m[35m (0.7ms)[0m  [1m[35mBEGIN[0m
  ↳ /Users/dodo/.rvm/rubies/ruby-2.6.0/lib/ruby/gems/2.6.0/gems/rake-12.3.2/lib/rake/task.rb:273
  [1m[35m (9.8ms)[0m  [1m[35mCREATE TABLE "active_admin_comments" ("id" bigserial primary key, "namespace" character varying, "body" text, "resource_type" character varying, "resource_id" bigint, "author_type" character varying, "author_id" bigint, "created_at" timestamp NOT NULL, "updated_at" timestamp NOT NULL)[0m
  ↳ db/migrate/20190428111758_create_active_admin_comments.rb:3
  [1m[35m (4.4ms)[0m  [1m[35mCREATE  INDEX  "index_active_admin_comments_on_resource_type_and_resource_id" ON "active_admin_comments"  ("resource_type", "resource_id")[0m
  ↳ db/migrate/20190428111758_create_active_admin_comments.rb:3
  [1m[35m (3.2ms)[0m  [1m[35mCREATE  INDEX  "index_active_admin_comments_on_author_type_and_author_id" ON "active_admin_comments"  ("author_type", "author_id")[0m
  ↳ db/migrate/20190428111758_create_active_admin_comments.rb:3
  [1m[35m (4.1ms)[0m  [1m[35mCREATE  INDEX  "index_active_admin_comments_on_namespace" ON "active_admin_comments"  ("namespace")[0m
  ↳ db/migrate/20190428111758_create_active_admin_comments.rb:10
  [1m[36mActiveRecord::SchemaMigration Create (0.5ms)[0m  [1m[32mINSERT INTO "schema_migrations" ("version") VALUES ($1) RETURNING "version"[0m  [["version", "20190428111758"]]
  ↳ /Users/dodo/.rvm/rubies/ruby-2.6.0/lib/ruby/gems/2.6.0/gems/rake-12.3.2/lib/rake/task.rb:273
  [1m[35m (0.6ms)[0m  [1m[35mCOMMIT[0m
  ↳ /Users/dodo/.rvm/rubies/ruby-2.6.0/lib/ruby/gems/2.6.0/gems/rake-12.3.2/lib/rake/task.rb:273
Migrating to CreateCategory (20190511122444)
  [1m[35m (1.3ms)[0m  [1m[35mBEGIN[0m
  ↳ /Users/dodo/.rvm/rubies/ruby-2.6.0/lib/ruby/gems/2.6.0/gems/rake-12.3.2/lib/rake/task.rb:273
  [1m[35m (13.3ms)[0m  [1m[35mCREATE TABLE "categories" ("id" bigserial primary key, "name" character varying NOT NULL, "slug" character varying NOT NULL, "eligible_mode" integer NOT NULL, "inactivated_at" timestamp, "user_id" bigint NOT NULL)[0m
  ↳ db/migrate/20190511122444_create_category.rb:3
  [1m[35m (5.8ms)[0m  [1m[35mCREATE  INDEX  "index_categories_on_user_id" ON "categories"  ("user_id")[0m
  ↳ db/migrate/20190511122444_create_category.rb:3
  [1m[35m (28.4ms)[0m  [1m[35mALTER TABLE "categories" ADD CONSTRAINT "fk_rails_b8e2f7adfc"
FOREIGN KEY ("user_id")
  REFERENCES "users" ("id")
[0m
  ↳ db/migrate/20190511122444_create_category.rb:10
  [1m[36mActiveRecord::SchemaMigration Create (0.5ms)[0m  [1m[32mINSERT INTO "schema_migrations" ("version") VALUES ($1) RETURNING "version"[0m  [["version", "20190511122444"]]
  ↳ /Users/dodo/.rvm/rubies/ruby-2.6.0/lib/ruby/gems/2.6.0/gems/rake-12.3.2/lib/rake/task.rb:273
  [1m[35m (3.3ms)[0m  [1m[35mCOMMIT[0m
  ↳ /Users/dodo/.rvm/rubies/ruby-2.6.0/lib/ruby/gems/2.6.0/gems/rake-12.3.2/lib/rake/task.rb:273
Migrating to CreateAccounts (20190511123313)
  [1m[35m (0.6ms)[0m  [1m[35mBEGIN[0m
  ↳ /Users/dodo/.rvm/rubies/ruby-2.6.0/lib/ruby/gems/2.6.0/gems/rake-12.3.2/lib/rake/task.rb:273
  [1m[35m (14.0ms)[0m  [1m[35mCREATE TABLE "accounts" ("id" bigserial primary key, "name" character varying NOT NULL, "slug" character varying NOT NULL, "note" text, "current_value" float NOT NULL, "inactivated_at" timestamp, "user_id" bigint NOT NULL, "created_at" timestamp NOT NULL, "updated_at" timestamp NOT NULL)[0m
  ↳ db/migrate/20190511123313_create_accounts.rb:3
  [1m[35m (5.8ms)[0m  [1m[35mCREATE  INDEX  "index_accounts_on_user_id" ON "accounts"  ("user_id")[0m
  ↳ db/migrate/20190511123313_create_accounts.rb:3
  [1m[35m (6.2ms)[0m  [1m[35mALTER TABLE "accounts" ADD CONSTRAINT "fk_rails_b1e30bebc8"
FOREIGN KEY ("user_id")
  REFERENCES "users" ("id")
[0m
  ↳ db/migrate/20190511123313_create_accounts.rb:12
  [1m[36mActiveRecord::SchemaMigration Create (0.4ms)[0m  [1m[32mINSERT INTO "schema_migrations" ("version") VALUES ($1) RETURNING "version"[0m  [["version", "20190511123313"]]
  ↳ /Users/dodo/.rvm/rubies/ruby-2.6.0/lib/ruby/gems/2.6.0/gems/rake-12.3.2/lib/rake/task.rb:273
  [1m[35m (3.9ms)[0m  [1m[35mCOMMIT[0m
  ↳ /Users/dodo/.rvm/rubies/ruby-2.6.0/lib/ruby/gems/2.6.0/gems/rake-12.3.2/lib/rake/task.rb:273
Migrating to CreateExpenseLogs (20190511124245)
  [1m[35m (0.6ms)[0m  [1m[35mBEGIN[0m
  ↳ /Users/dodo/.rvm/rubies/ruby-2.6.0/lib/ruby/gems/2.6.0/gems/rake-12.3.2/lib/rake/task.rb:273
  [1m[35m (15.2ms)[0m  [1m[35mCREATE TABLE "expense_logs" ("id" bigserial primary key, "user_id" bigint NOT NULL, "account_id" bigint NOT NULL, "category_id" bigint NOT NULL, "amount" float NOT NULL, "note" text NOT NULL, "mode" integer NOT NULL, "created_at" timestamp NOT NULL, "updated_at" timestamp NOT NULL)[0m
  ↳ db/migrate/20190511124245_create_expense_logs.rb:3
  [1m[35m (2.0ms)[0m  [1m[35mCREATE  INDEX  "index_expense_logs_on_user_id" ON "expense_logs"  ("user_id")[0m
  ↳ db/migrate/20190511124245_create_expense_logs.rb:3
  [1m[35m (3.2ms)[0m  [1m[35mCREATE  INDEX  "index_expense_logs_on_account_id" ON "expense_logs"  ("account_id")[0m
  ↳ db/migrate/20190511124245_create_expense_logs.rb:3
  [1m[35m (8.2ms)[0m  [1m[35mCREATE  INDEX  "index_expense_logs_on_category_id" ON "expense_logs"  ("category_id")[0m
  ↳ db/migrate/20190511124245_create_expense_logs.rb:3
  [1m[35m (16.5ms)[0m  [1m[35mALTER TABLE "expense_logs" ADD CONSTRAINT "fk_rails_fb3441750e"
FOREIGN KEY ("user_id")
  REFERENCES "user" ("id")
[0m
  ↳ db/migrate/20190511124245_create_expense_logs.rb:13
  [1m[35m (0.4ms)[0m  [1m[31mROLLBACK[0m
  ↳ /Users/dodo/.rvm/rubies/ruby-2.6.0/lib/ruby/gems/2.6.0/gems/rake-12.3.2/lib/rake/task.rb:273
  [1m[35m (0.4ms)[0m  [1m[34mSELECT pg_advisory_unlock(1455748880368644120)[0m
  ↳ /Users/dodo/.rvm/rubies/ruby-2.6.0/lib/ruby/gems/2.6.0/gems/rake-12.3.2/lib/rake/task.rb:273
  [1m[35m (145.3ms)[0m  [1m[35mCREATE TABLE "schema_migrations" ("version" character varying NOT NULL PRIMARY KEY)[0m
  ↳ /Users/dodo/.rvm/rubies/ruby-2.6.0/lib/ruby/gems/2.6.0/gems/rake-12.3.2/lib/rake/task.rb:273
  [1m[35m (23.9ms)[0m  [1m[35mCREATE TABLE "ar_internal_metadata" ("key" character varying NOT NULL PRIMARY KEY, "value" character varying, "created_at" timestamp NOT NULL, "updated_at" timestamp NOT NULL)[0m
  ↳ /Users/dodo/.rvm/rubies/ruby-2.6.0/lib/ruby/gems/2.6.0/gems/rake-12.3.2/lib/rake/task.rb:273
  [1m[35m (2.6ms)[0m  [1m[34mSELECT pg_try_advisory_lock(1455748880368644120)[0m
  ↳ /Users/dodo/.rvm/rubies/ruby-2.6.0/lib/ruby/gems/2.6.0/gems/rake-12.3.2/lib/rake/task.rb:273
  [1m[35m (4.5ms)[0m  [1m[34mSELECT "schema_migrations"."version" FROM "schema_migrations" ORDER BY "schema_migrations"."version" ASC[0m
  ↳ /Users/dodo/.rvm/rubies/ruby-2.6.0/lib/ruby/gems/2.6.0/gems/rake-12.3.2/lib/rake/task.rb:273
Migrating to DeviseCreateUsers (20190428063126)
  [1m[35m (0.3ms)[0m  [1m[35mBEGIN[0m
  ↳ /Users/dodo/.rvm/rubies/ruby-2.6.0/lib/ruby/gems/2.6.0/gems/rake-12.3.2/lib/rake/task.rb:273
  [1m[35m (14.6ms)[0m  [1m[35mCREATE TABLE "users" ("id" bigserial primary key, "email" character varying DEFAULT '' NOT NULL, "encrypted_password" character varying DEFAULT '' NOT NULL, "reset_password_token" character varying, "reset_password_sent_at" timestamp, "remember_created_at" timestamp, "created_at" timestamp NOT NULL, "updated_at" timestamp NOT NULL)[0m
  ↳ db/migrate/20190428063126_devise_create_users.rb:5
  [1m[35m (4.1ms)[0m  [1m[35mCREATE UNIQUE INDEX  "index_users_on_email" ON "users"  ("email")[0m
  ↳ db/migrate/20190428063126_devise_create_users.rb:39
  [1m[35m (2.8ms)[0m  [1m[35mCREATE UNIQUE INDEX  "index_users_on_reset_password_token" ON "users"  ("reset_password_token")[0m
  ↳ db/migrate/20190428063126_devise_create_users.rb:40
  [1m[36mActiveRecord::SchemaMigration Create (1.0ms)[0m  [1m[32mINSERT INTO "schema_migrations" ("version") VALUES ($1) RETURNING "version"[0m  [["version", "20190428063126"]]
  ↳ /Users/dodo/.rvm/rubies/ruby-2.6.0/lib/ruby/gems/2.6.0/gems/rake-12.3.2/lib/rake/task.rb:273
  [1m[35m (1.9ms)[0m  [1m[35mCOMMIT[0m
  ↳ /Users/dodo/.rvm/rubies/ruby-2.6.0/lib/ruby/gems/2.6.0/gems/rake-12.3.2/lib/rake/task.rb:273
Migrating to CreateActiveAdminComments (20190428111758)
  [1m[35m (0.7ms)[0m  [1m[35mBEGIN[0m
  ↳ /Users/dodo/.rvm/rubies/ruby-2.6.0/lib/ruby/gems/2.6.0/gems/rake-12.3.2/lib/rake/task.rb:273
  [1m[35m (8.6ms)[0m  [1m[35mCREATE TABLE "active_admin_comments" ("id" bigserial primary key, "namespace" character varying, "body" text, "resource_type" character varying, "resource_id" bigint, "author_type" character varying, "author_id" bigint, "created_at" timestamp NOT NULL, "updated_at" timestamp NOT NULL)[0m
  ↳ db/migrate/20190428111758_create_active_admin_comments.rb:3
  [1m[35m (4.3ms)[0m  [1m[35mCREATE  INDEX  "index_active_admin_comments_on_resource_type_and_resource_id" ON "active_admin_comments"  ("resource_type", "resource_id")[0m
  ↳ db/migrate/20190428111758_create_active_admin_comments.rb:3
  [1m[35m (3.6ms)[0m  [1m[35mCREATE  INDEX  "index_active_admin_comments_on_author_type_and_author_id" ON "active_admin_comments"  ("author_type", "author_id")[0m
  ↳ db/migrate/20190428111758_create_active_admin_comments.rb:3
  [1m[35m (2.2ms)[0m  [1m[35mCREATE  INDEX  "index_active_admin_comments_on_namespace" ON "active_admin_comments"  ("namespace")[0m
  ↳ db/migrate/20190428111758_create_active_admin_comments.rb:10
  [1m[36mActiveRecord::SchemaMigration Create (0.6ms)[0m  [1m[32mINSERT INTO "schema_migrations" ("version") VALUES ($1) RETURNING "version"[0m  [["version", "20190428111758"]]
  ↳ /Users/dodo/.rvm/rubies/ruby-2.6.0/lib/ruby/gems/2.6.0/gems/rake-12.3.2/lib/rake/task.rb:273
  [1m[35m (4.6ms)[0m  [1m[35mCOMMIT[0m
  ↳ /Users/dodo/.rvm/rubies/ruby-2.6.0/lib/ruby/gems/2.6.0/gems/rake-12.3.2/lib/rake/task.rb:273
Migrating to CreateCategory (20190511122444)
  [1m[35m (0.6ms)[0m  [1m[35mBEGIN[0m
  ↳ /Users/dodo/.rvm/rubies/ruby-2.6.0/lib/ruby/gems/2.6.0/gems/rake-12.3.2/lib/rake/task.rb:273
  [1m[35m (14.5ms)[0m  [1m[35mCREATE TABLE "categories" ("id" bigserial primary key, "name" character varying NOT NULL, "slug" character varying NOT NULL, "eligible_mode" integer NOT NULL, "inactivated_at" timestamp, "user_id" bigint NOT NULL)[0m
  ↳ db/migrate/20190511122444_create_category.rb:3
  [1m[35m (2.2ms)[0m  [1m[35mCREATE  INDEX  "index_categories_on_user_id" ON "categories"  ("user_id")[0m
  ↳ db/migrate/20190511122444_create_category.rb:3
  [1m[35m (21.0ms)[0m  [1m[35mALTER TABLE "categories" ADD CONSTRAINT "fk_rails_b8e2f7adfc"
FOREIGN KEY ("user_id")
  REFERENCES "users" ("id")
[0m
  ↳ db/migrate/20190511122444_create_category.rb:10
  [1m[36mActiveRecord::SchemaMigration Create (0.5ms)[0m  [1m[32mINSERT INTO "schema_migrations" ("version") VALUES ($1) RETURNING "version"[0m  [["version", "20190511122444"]]
  ↳ /Users/dodo/.rvm/rubies/ruby-2.6.0/lib/ruby/gems/2.6.0/gems/rake-12.3.2/lib/rake/task.rb:273
  [1m[35m (4.5ms)[0m  [1m[35mCOMMIT[0m
  ↳ /Users/dodo/.rvm/rubies/ruby-2.6.0/lib/ruby/gems/2.6.0/gems/rake-12.3.2/lib/rake/task.rb:273
Migrating to CreateAccounts (20190511123313)
  [1m[35m (2.1ms)[0m  [1m[35mBEGIN[0m
  ↳ /Users/dodo/.rvm/rubies/ruby-2.6.0/lib/ruby/gems/2.6.0/gems/rake-12.3.2/lib/rake/task.rb:273
  [1m[35m (12.8ms)[0m  [1m[35mCREATE TABLE "accounts" ("id" bigserial primary key, "name" character varying NOT NULL, "slug" character varying NOT NULL, "note" text, "current_value" float NOT NULL, "inactivated_at" timestamp, "user_id" bigint NOT NULL, "created_at" timestamp NOT NULL, "updated_at" timestamp NOT NULL)[0m
  ↳ db/migrate/20190511123313_create_accounts.rb:3
  [1m[35m (2.9ms)[0m  [1m[35mCREATE  INDEX  "index_accounts_on_user_id" ON "accounts"  ("user_id")[0m
  ↳ db/migrate/20190511123313_create_accounts.rb:3
  [1m[35m (15.4ms)[0m  [1m[35mALTER TABLE "accounts" ADD CONSTRAINT "fk_rails_b1e30bebc8"
FOREIGN KEY ("user_id")
  REFERENCES "users" ("id")
[0m
  ↳ db/migrate/20190511123313_create_accounts.rb:12
  [1m[36mActiveRecord::SchemaMigration Create (0.6ms)[0m  [1m[32mINSERT INTO "schema_migrations" ("version") VALUES ($1) RETURNING "version"[0m  [["version", "20190511123313"]]
  ↳ /Users/dodo/.rvm/rubies/ruby-2.6.0/lib/ruby/gems/2.6.0/gems/rake-12.3.2/lib/rake/task.rb:273
  [1m[35m (2.2ms)[0m  [1m[35mCOMMIT[0m
  ↳ /Users/dodo/.rvm/rubies/ruby-2.6.0/lib/ruby/gems/2.6.0/gems/rake-12.3.2/lib/rake/task.rb:273
Migrating to CreateExpenseLogs (20190511124245)
  [1m[35m (0.6ms)[0m  [1m[35mBEGIN[0m
  ↳ /Users/dodo/.rvm/rubies/ruby-2.6.0/lib/ruby/gems/2.6.0/gems/rake-12.3.2/lib/rake/task.rb:273
  [1m[35m (7.8ms)[0m  [1m[35mCREATE TABLE "expense_logs" ("id" bigserial primary key, "user_id" bigint NOT NULL, "account_id" bigint NOT NULL, "category_id" bigint NOT NULL, "amount" float NOT NULL, "note" text NOT NULL, "mode" integer NOT NULL, "created_at" timestamp NOT NULL, "updated_at" timestamp NOT NULL)[0m
  ↳ db/migrate/20190511124245_create_expense_logs.rb:3
  [1m[35m (3.4ms)[0m  [1m[35mCREATE  INDEX  "index_expense_logs_on_user_id" ON "expense_logs"  ("user_id")[0m
  ↳ db/migrate/20190511124245_create_expense_logs.rb:3
  [1m[35m (3.5ms)[0m  [1m[35mCREATE  INDEX  "index_expense_logs_on_account_id" ON "expense_logs"  ("account_id")[0m
  ↳ db/migrate/20190511124245_create_expense_logs.rb:3
  [1m[35m (3.7ms)[0m  [1m[35mCREATE  INDEX  "index_expense_logs_on_category_id" ON "expense_logs"  ("category_id")[0m
  ↳ db/migrate/20190511124245_create_expense_logs.rb:3
  [1m[35m (9.0ms)[0m  [1m[35mALTER TABLE "expense_logs" ADD CONSTRAINT "fk_rails_fb3441750e"
FOREIGN KEY ("user_id")
  REFERENCES "users" ("id")
[0m
  ↳ db/migrate/20190511124245_create_expense_logs.rb:13
  [1m[35m (2.2ms)[0m  [1m[35mALTER TABLE "expense_logs" ADD CONSTRAINT "fk_rails_dd96d3b456"
FOREIGN KEY ("category_id")
  REFERENCES "categories" ("id")
[0m
  ↳ db/migrate/20190511124245_create_expense_logs.rb:14
  [1m[35m (2.0ms)[0m  [1m[35mALTER TABLE "expense_logs" ADD CONSTRAINT "fk_rails_c845512e09"
FOREIGN KEY ("account_id")
  REFERENCES "accounts" ("id")
[0m
  ↳ db/migrate/20190511124245_create_expense_logs.rb:15
  [1m[36mActiveRecord::SchemaMigration Create (0.5ms)[0m  [1m[32mINSERT INTO "schema_migrations" ("version") VALUES ($1) RETURNING "version"[0m  [["version", "20190511124245"]]
  ↳ /Users/dodo/.rvm/rubies/ruby-2.6.0/lib/ruby/gems/2.6.0/gems/rake-12.3.2/lib/rake/task.rb:273
  [1m[35m (2.0ms)[0m  [1m[35mCOMMIT[0m
  ↳ /Users/dodo/.rvm/rubies/ruby-2.6.0/lib/ruby/gems/2.6.0/gems/rake-12.3.2/lib/rake/task.rb:273
  [1m[36mActiveRecord::InternalMetadata Load (3.0ms)[0m  [1m[34mSELECT  "ar_internal_metadata".* FROM "ar_internal_metadata" WHERE "ar_internal_metadata"."key" = $1 LIMIT $2[0m  [["key", "environment"], ["LIMIT", 1]]
  ↳ /Users/dodo/.rvm/rubies/ruby-2.6.0/lib/ruby/gems/2.6.0/gems/rake-12.3.2/lib/rake/task.rb:273
  [1m[35m (0.3ms)[0m  [1m[35mBEGIN[0m
  ↳ /Users/dodo/.rvm/rubies/ruby-2.6.0/lib/ruby/gems/2.6.0/gems/rake-12.3.2/lib/rake/task.rb:273
  [1m[36mActiveRecord::InternalMetadata Create (4.8ms)[0m  [1m[32mINSERT INTO "ar_internal_metadata" ("key", "value", "created_at", "updated_at") VALUES ($1, $2, $3, $4) RETURNING "key"[0m  [["key", "environment"], ["value", "development"], ["created_at", "2019-05-11 12:51:33.090397"], ["updated_at", "2019-05-11 12:51:33.090397"]]
  ↳ /Users/dodo/.rvm/rubies/ruby-2.6.0/lib/ruby/gems/2.6.0/gems/rake-12.3.2/lib/rake/task.rb:273
  [1m[35m (0.8ms)[0m  [1m[35mCOMMIT[0m
  ↳ /Users/dodo/.rvm/rubies/ruby-2.6.0/lib/ruby/gems/2.6.0/gems/rake-12.3.2/lib/rake/task.rb:273
  [1m[35m (0.5ms)[0m  [1m[34mSELECT pg_advisory_unlock(1455748880368644120)[0m
  ↳ /Users/dodo/.rvm/rubies/ruby-2.6.0/lib/ruby/gems/2.6.0/gems/rake-12.3.2/lib/rake/task.rb:273
  [1m[35m (0.5ms)[0m  [1m[34mSELECT "schema_migrations"."version" FROM "schema_migrations" ORDER BY "schema_migrations"."version" ASC[0m
  ↳ /Users/dodo/.rvm/rubies/ruby-2.6.0/lib/ruby/gems/2.6.0/gems/rake-12.3.2/lib/rake/task.rb:273
  [1m[35m (38.8ms)[0m  [1m[35mCREATE TABLE "schema_migrations" ("version" character varying NOT NULL PRIMARY KEY)[0m
  ↳ /Users/dodo/.rvm/rubies/ruby-2.6.0/lib/ruby/gems/2.6.0/gems/rake-12.3.2/lib/rake/task.rb:273
  [1m[35m (18.8ms)[0m  [1m[35mCREATE TABLE "ar_internal_metadata" ("key" character varying NOT NULL PRIMARY KEY, "value" character varying, "created_at" timestamp NOT NULL, "updated_at" timestamp NOT NULL)[0m
  ↳ /Users/dodo/.rvm/rubies/ruby-2.6.0/lib/ruby/gems/2.6.0/gems/rake-12.3.2/lib/rake/task.rb:273
  [1m[35m (2.8ms)[0m  [1m[34mSELECT pg_try_advisory_lock(1455748880368644120)[0m
  ↳ /Users/dodo/.rvm/rubies/ruby-2.6.0/lib/ruby/gems/2.6.0/gems/rake-12.3.2/lib/rake/task.rb:273
  [1m[35m (2.9ms)[0m  [1m[34mSELECT "schema_migrations"."version" FROM "schema_migrations" ORDER BY "schema_migrations"."version" ASC[0m
  ↳ /Users/dodo/.rvm/rubies/ruby-2.6.0/lib/ruby/gems/2.6.0/gems/rake-12.3.2/lib/rake/task.rb:273
Migrating to DeviseCreateUsers (20190428063126)
  [1m[35m (0.5ms)[0m  [1m[35mBEGIN[0m
  ↳ /Users/dodo/.rvm/rubies/ruby-2.6.0/lib/ruby/gems/2.6.0/gems/rake-12.3.2/lib/rake/task.rb:273
  [1m[35m (20.4ms)[0m  [1m[35mCREATE TABLE "users" ("id" bigserial primary key, "email" character varying DEFAULT '' NOT NULL, "encrypted_password" character varying DEFAULT '' NOT NULL, "reset_password_token" character varying, "reset_password_sent_at" timestamp, "remember_created_at" timestamp, "created_at" timestamp NOT NULL, "updated_at" timestamp NOT NULL)[0m
  ↳ db/migrate/20190428063126_devise_create_users.rb:5
  [1m[35m (4.1ms)[0m  [1m[35mCREATE UNIQUE INDEX  "index_users_on_email" ON "users"  ("email")[0m
  ↳ db/migrate/20190428063126_devise_create_users.rb:39
  [1m[35m (4.7ms)[0m  [1m[35mCREATE UNIQUE INDEX  "index_users_on_reset_password_token" ON "users"  ("reset_password_token")[0m
  ↳ db/migrate/20190428063126_devise_create_users.rb:40
  [1m[36mActiveRecord::SchemaMigration Create (0.9ms)[0m  [1m[32mINSERT INTO "schema_migrations" ("version") VALUES ($1) RETURNING "version"[0m  [["version", "20190428063126"]]
  ↳ /Users/dodo/.rvm/rubies/ruby-2.6.0/lib/ruby/gems/2.6.0/gems/rake-12.3.2/lib/rake/task.rb:273
  [1m[35m (2.8ms)[0m  [1m[35mCOMMIT[0m
  ↳ /Users/dodo/.rvm/rubies/ruby-2.6.0/lib/ruby/gems/2.6.0/gems/rake-12.3.2/lib/rake/task.rb:273
Migrating to CreateActiveAdminComments (20190428111758)
  [1m[35m (0.7ms)[0m  [1m[35mBEGIN[0m
  ↳ /Users/dodo/.rvm/rubies/ruby-2.6.0/lib/ruby/gems/2.6.0/gems/rake-12.3.2/lib/rake/task.rb:273
  [1m[35m (10.4ms)[0m  [1m[35mCREATE TABLE "active_admin_comments" ("id" bigserial primary key, "namespace" character varying, "body" text, "resource_type" character varying, "resource_id" bigint, "author_type" character varying, "author_id" bigint, "created_at" timestamp NOT NULL, "updated_at" timestamp NOT NULL)[0m
  ↳ db/migrate/20190428111758_create_active_admin_comments.rb:3
  [1m[35m (1.4ms)[0m  [1m[35mCREATE  INDEX  "index_active_admin_comments_on_resource_type_and_resource_id" ON "active_admin_comments"  ("resource_type", "resource_id")[0m
  ↳ db/migrate/20190428111758_create_active_admin_comments.rb:3
  [1m[35m (3.3ms)[0m  [1m[35mCREATE  INDEX  "index_active_admin_comments_on_author_type_and_author_id" ON "active_admin_comments"  ("author_type", "author_id")[0m
  ↳ db/migrate/20190428111758_create_active_admin_comments.rb:3
  [1m[35m (3.6ms)[0m  [1m[35mCREATE  INDEX  "index_active_admin_comments_on_namespace" ON "active_admin_comments"  ("namespace")[0m
  ↳ db/migrate/20190428111758_create_active_admin_comments.rb:10
  [1m[36mActiveRecord::SchemaMigration Create (0.5ms)[0m  [1m[32mINSERT INTO "schema_migrations" ("version") VALUES ($1) RETURNING "version"[0m  [["version", "20190428111758"]]
  ↳ /Users/dodo/.rvm/rubies/ruby-2.6.0/lib/ruby/gems/2.6.0/gems/rake-12.3.2/lib/rake/task.rb:273
  [1m[35m (1.1ms)[0m  [1m[35mCOMMIT[0m
  ↳ /Users/dodo/.rvm/rubies/ruby-2.6.0/lib/ruby/gems/2.6.0/gems/rake-12.3.2/lib/rake/task.rb:273
Migrating to CreateCategory (20190511122444)
  [1m[35m (0.6ms)[0m  [1m[35mBEGIN[0m
  ↳ /Users/dodo/.rvm/rubies/ruby-2.6.0/lib/ruby/gems/2.6.0/gems/rake-12.3.2/lib/rake/task.rb:273
  [1m[35m (8.2ms)[0m  [1m[35mCREATE TABLE "categories" ("id" bigserial primary key, "name" character varying NOT NULL, "slug" character varying NOT NULL, "eligible_mode" integer NOT NULL, "inactivated_at" timestamp, "user_id" bigint NOT NULL)[0m
  ↳ db/migrate/20190511122444_create_category.rb:3
  [1m[35m (1.6ms)[0m  [1m[35mCREATE  INDEX  "index_categories_on_user_id" ON "categories"  ("user_id")[0m
  ↳ db/migrate/20190511122444_create_category.rb:3
  [1m[35m (49.1ms)[0m  [1m[35mALTER TABLE "categories" ADD CONSTRAINT "fk_rails_b8e2f7adfc"
FOREIGN KEY ("user_id")
  REFERENCES "users" ("id")
[0m
  ↳ db/migrate/20190511122444_create_category.rb:10
  [1m[36mActiveRecord::SchemaMigration Create (0.7ms)[0m  [1m[32mINSERT INTO "schema_migrations" ("version") VALUES ($1) RETURNING "version"[0m  [["version", "20190511122444"]]
  ↳ /Users/dodo/.rvm/rubies/ruby-2.6.0/lib/ruby/gems/2.6.0/gems/rake-12.3.2/lib/rake/task.rb:273
  [1m[35m (2.7ms)[0m  [1m[35mCOMMIT[0m
  ↳ /Users/dodo/.rvm/rubies/ruby-2.6.0/lib/ruby/gems/2.6.0/gems/rake-12.3.2/lib/rake/task.rb:273
Migrating to CreateAccounts (20190511123313)
  [1m[35m (0.7ms)[0m  [1m[35mBEGIN[0m
  ↳ /Users/dodo/.rvm/rubies/ruby-2.6.0/lib/ruby/gems/2.6.0/gems/rake-12.3.2/lib/rake/task.rb:273
  [1m[35m (15.2ms)[0m  [1m[35mCREATE TABLE "accounts" ("id" bigserial primary key, "name" character varying NOT NULL, "slug" character varying NOT NULL, "note" text, "current_value" float NOT NULL, "inactivated_at" timestamp, "user_id" bigint NOT NULL, "created_at" timestamp NOT NULL, "updated_at" timestamp NOT NULL)[0m
  ↳ db/migrate/20190511123313_create_accounts.rb:3
  [1m[35m (1.2ms)[0m  [1m[35mCREATE  INDEX  "index_accounts_on_user_id" ON "accounts"  ("user_id")[0m
  ↳ db/migrate/20190511123313_create_accounts.rb:3
  [1m[35m (75.9ms)[0m  [1m[35mALTER TABLE "accounts" ADD CONSTRAINT "fk_rails_b1e30bebc8"
FOREIGN KEY ("user_id")
  REFERENCES "users" ("id")
[0m
  ↳ db/migrate/20190511123313_create_accounts.rb:12
  [1m[36mActiveRecord::SchemaMigration Create (1.0ms)[0m  [1m[32mINSERT INTO "schema_migrations" ("version") VALUES ($1) RETURNING "version"[0m  [["version", "20190511123313"]]
  ↳ /Users/dodo/.rvm/rubies/ruby-2.6.0/lib/ruby/gems/2.6.0/gems/rake-12.3.2/lib/rake/task.rb:273
  [1m[35m (21.0ms)[0m  [1m[35mCOMMIT[0m
  ↳ /Users/dodo/.rvm/rubies/ruby-2.6.0/lib/ruby/gems/2.6.0/gems/rake-12.3.2/lib/rake/task.rb:273
Migrating to CreateExpenseLogs (20190511124245)
  [1m[35m (0.6ms)[0m  [1m[35mBEGIN[0m
  ↳ /Users/dodo/.rvm/rubies/ruby-2.6.0/lib/ruby/gems/2.6.0/gems/rake-12.3.2/lib/rake/task.rb:273
  [1m[35m (9.8ms)[0m  [1m[35mCREATE TABLE "expense_logs" ("id" bigserial primary key, "user_id" bigint NOT NULL, "account_id" bigint NOT NULL, "category_id" bigint NOT NULL, "amount" float NOT NULL, "note" text NOT NULL, "mode" integer NOT NULL, "created_at" timestamp NOT NULL, "updated_at" timestamp NOT NULL)[0m
  ↳ db/migrate/20190511124245_create_expense_logs.rb:3
  [1m[35m (1.6ms)[0m  [1m[35mCREATE  INDEX  "index_expense_logs_on_user_id" ON "expense_logs"  ("user_id")[0m
  ↳ db/migrate/20190511124245_create_expense_logs.rb:3
  [1m[35m (5.8ms)[0m  [1m[35mCREATE  INDEX  "index_expense_logs_on_account_id" ON "expense_logs"  ("account_id")[0m
  ↳ db/migrate/20190511124245_create_expense_logs.rb:3
  [1m[35m (3.0ms)[0m  [1m[35mCREATE  INDEX  "index_expense_logs_on_category_id" ON "expense_logs"  ("category_id")[0m
  ↳ db/migrate/20190511124245_create_expense_logs.rb:3
  [1m[35m (12.8ms)[0m  [1m[35mALTER TABLE "expense_logs" ADD CONSTRAINT "fk_rails_fb3441750e"
FOREIGN KEY ("user_id")
  REFERENCES "users" ("id")
[0m
  ↳ db/migrate/20190511124245_create_expense_logs.rb:13
  [1m[35m (1.8ms)[0m  [1m[35mALTER TABLE "expense_logs" ADD CONSTRAINT "fk_rails_dd96d3b456"
FOREIGN KEY ("category_id")
  REFERENCES "categories" ("id")
[0m
  ↳ db/migrate/20190511124245_create_expense_logs.rb:14
  [1m[35m (1.9ms)[0m  [1m[35mALTER TABLE "expense_logs" ADD CONSTRAINT "fk_rails_c845512e09"
FOREIGN KEY ("account_id")
  REFERENCES "accounts" ("id")
[0m
  ↳ db/migrate/20190511124245_create_expense_logs.rb:15
  [1m[36mActiveRecord::SchemaMigration Create (0.6ms)[0m  [1m[32mINSERT INTO "schema_migrations" ("version") VALUES ($1) RETURNING "version"[0m  [["version", "20190511124245"]]
  ↳ /Users/dodo/.rvm/rubies/ruby-2.6.0/lib/ruby/gems/2.6.0/gems/rake-12.3.2/lib/rake/task.rb:273
  [1m[35m (4.1ms)[0m  [1m[35mCOMMIT[0m
  ↳ /Users/dodo/.rvm/rubies/ruby-2.6.0/lib/ruby/gems/2.6.0/gems/rake-12.3.2/lib/rake/task.rb:273
  [1m[36mActiveRecord::InternalMetadata Load (2.8ms)[0m  [1m[34mSELECT  "ar_internal_metadata".* FROM "ar_internal_metadata" WHERE "ar_internal_metadata"."key" = $1 LIMIT $2[0m  [["key", "environment"], ["LIMIT", 1]]
  ↳ /Users/dodo/.rvm/rubies/ruby-2.6.0/lib/ruby/gems/2.6.0/gems/rake-12.3.2/lib/rake/task.rb:273
  [1m[35m (0.4ms)[0m  [1m[35mBEGIN[0m
  ↳ /Users/dodo/.rvm/rubies/ruby-2.6.0/lib/ruby/gems/2.6.0/gems/rake-12.3.2/lib/rake/task.rb:273
  [1m[36mActiveRecord::InternalMetadata Create (0.8ms)[0m  [1m[32mINSERT INTO "ar_internal_metadata" ("key", "value", "created_at", "updated_at") VALUES ($1, $2, $3, $4) RETURNING "key"[0m  [["key", "environment"], ["value", "development"], ["created_at", "2019-05-11 12:52:37.627459"], ["updated_at", "2019-05-11 12:52:37.627459"]]
  ↳ /Users/dodo/.rvm/rubies/ruby-2.6.0/lib/ruby/gems/2.6.0/gems/rake-12.3.2/lib/rake/task.rb:273
  [1m[35m (2.3ms)[0m  [1m[35mCOMMIT[0m
  ↳ /Users/dodo/.rvm/rubies/ruby-2.6.0/lib/ruby/gems/2.6.0/gems/rake-12.3.2/lib/rake/task.rb:273
  [1m[35m (0.4ms)[0m  [1m[34mSELECT pg_advisory_unlock(1455748880368644120)[0m
  ↳ /Users/dodo/.rvm/rubies/ruby-2.6.0/lib/ruby/gems/2.6.0/gems/rake-12.3.2/lib/rake/task.rb:273
  [1m[35m (0.5ms)[0m  [1m[34mSELECT "schema_migrations"."version" FROM "schema_migrations" ORDER BY "schema_migrations"."version" ASC[0m
  ↳ /Users/dodo/.rvm/rubies/ruby-2.6.0/lib/ruby/gems/2.6.0/gems/rake-12.3.2/lib/rake/task.rb:273
  [1m[35m (1.0ms)[0m  [1m[34mSELECT pg_try_advisory_lock(1455748880368644120)[0m
  ↳ /Users/dodo/.rvm/rubies/ruby-2.6.0/lib/ruby/gems/2.6.0/gems/rake-12.3.2/lib/rake/task.rb:273
  [1m[35m (3.9ms)[0m  [1m[34mSELECT "schema_migrations"."version" FROM "schema_migrations" ORDER BY "schema_migrations"."version" ASC[0m
  ↳ /Users/dodo/.rvm/rubies/ruby-2.6.0/lib/ruby/gems/2.6.0/gems/rake-12.3.2/lib/rake/task.rb:273
Migrating to CreateInternalTransferLogs (20190511125458)
  [1m[35m (0.3ms)[0m  [1m[35mBEGIN[0m
  ↳ /Users/dodo/.rvm/rubies/ruby-2.6.0/lib/ruby/gems/2.6.0/gems/rake-12.3.2/lib/rake/task.rb:273
  [1m[35m (0.3ms)[0m  [1m[31mROLLBACK[0m
  ↳ /Users/dodo/.rvm/rubies/ruby-2.6.0/lib/ruby/gems/2.6.0/gems/rake-12.3.2/lib/rake/task.rb:273
  [1m[35m (1.5ms)[0m  [1m[34mSELECT pg_advisory_unlock(1455748880368644120)[0m
  ↳ /Users/dodo/.rvm/rubies/ruby-2.6.0/lib/ruby/gems/2.6.0/gems/rake-12.3.2/lib/rake/task.rb:273
  [1m[35m (0.5ms)[0m  [1m[34mSELECT pg_try_advisory_lock(1455748880368644120)[0m
  ↳ /Users/dodo/.rvm/rubies/ruby-2.6.0/lib/ruby/gems/2.6.0/gems/rake-12.3.2/lib/rake/task.rb:273
  [1m[35m (1.6ms)[0m  [1m[34mSELECT "schema_migrations"."version" FROM "schema_migrations" ORDER BY "schema_migrations"."version" ASC[0m
  ↳ /Users/dodo/.rvm/rubies/ruby-2.6.0/lib/ruby/gems/2.6.0/gems/rake-12.3.2/lib/rake/task.rb:273
Migrating to CreateInternalTransferLogs (20190511125458)
  [1m[35m (0.5ms)[0m  [1m[35mBEGIN[0m
  ↳ /Users/dodo/.rvm/rubies/ruby-2.6.0/lib/ruby/gems/2.6.0/gems/rake-12.3.2/lib/rake/task.rb:273
  [1m[35m (30.8ms)[0m  [1m[35mCREATE TABLE "internal_transfer_logs" ("id" bigserial primary key, "source_account_id" integer NOT NULL, "destination_account_id" integer NOT NULL, "expense_log_id" bigint NOT NULL, "created_at" timestamp NOT NULL, "updated_at" timestamp NOT NULL)[0m
  ↳ db/migrate/20190511125458_create_internal_transfer_logs.rb:3
  [1m[35m (7.3ms)[0m  [1m[35mCREATE  INDEX  "index_internal_transfer_logs_on_expense_log_id" ON "internal_transfer_logs"  ("expense_log_id")[0m
  ↳ db/migrate/20190511125458_create_internal_transfer_logs.rb:3
  [1m[35m (25.3ms)[0m  [1m[35mALTER TABLE "internal_transfer_logs" ADD CONSTRAINT "fk_rails_bc0bbf70bd"
FOREIGN KEY ("account_id")
  REFERENCES "accounts" ("id")
[0m
  ↳ db/migrate/20190511125458_create_internal_transfer_logs.rb:9
  [1m[35m (0.3ms)[0m  [1m[31mROLLBACK[0m
  ↳ /Users/dodo/.rvm/rubies/ruby-2.6.0/lib/ruby/gems/2.6.0/gems/rake-12.3.2/lib/rake/task.rb:273
  [1m[35m (0.5ms)[0m  [1m[34mSELECT pg_advisory_unlock(1455748880368644120)[0m
  ↳ /Users/dodo/.rvm/rubies/ruby-2.6.0/lib/ruby/gems/2.6.0/gems/rake-12.3.2/lib/rake/task.rb:273
  [1m[35m (0.5ms)[0m  [1m[34mSELECT pg_try_advisory_lock(1455748880368644120)[0m
  ↳ /Users/dodo/.rvm/rubies/ruby-2.6.0/lib/ruby/gems/2.6.0/gems/rake-12.3.2/lib/rake/task.rb:273
  [1m[35m (5.3ms)[0m  [1m[34mSELECT "schema_migrations"."version" FROM "schema_migrations" ORDER BY "schema_migrations"."version" ASC[0m
  ↳ /Users/dodo/.rvm/rubies/ruby-2.6.0/lib/ruby/gems/2.6.0/gems/rake-12.3.2/lib/rake/task.rb:273
Migrating to CreateInternalTransferLogs (20190511125458)
  [1m[35m (0.3ms)[0m  [1m[35mBEGIN[0m
  ↳ /Users/dodo/.rvm/rubies/ruby-2.6.0/lib/ruby/gems/2.6.0/gems/rake-12.3.2/lib/rake/task.rb:273
  [1m[35m (217.7ms)[0m  [1m[35mCREATE TABLE "internal_transfer_logs" ("id" bigserial primary key, "source_account_id" bigint NOT NULL, "destination_account_id" bigint NOT NULL, "expense_log_id" bigint NOT NULL, "created_at" timestamp NOT NULL, "updated_at" timestamp NOT NULL)[0m
  ↳ db/migrate/20190511125458_create_internal_transfer_logs.rb:3
  [1m[35m (3.9ms)[0m  [1m[35mCREATE  INDEX  "index_internal_transfer_logs_on_source_account_id" ON "internal_transfer_logs"  ("source_account_id")[0m
  ↳ db/migrate/20190511125458_create_internal_transfer_logs.rb:3
  [1m[35m (2.4ms)[0m  [1m[35mCREATE  INDEX  "index_internal_transfer_logs_on_destination_account_id" ON "internal_transfer_logs"  ("destination_account_id")[0m
  ↳ db/migrate/20190511125458_create_internal_transfer_logs.rb:3
  [1m[35m (4.6ms)[0m  [1m[35mCREATE  INDEX  "index_internal_transfer_logs_on_expense_log_id" ON "internal_transfer_logs"  ("expense_log_id")[0m
  ↳ db/migrate/20190511125458_create_internal_transfer_logs.rb:3
  [1m[35m (41.9ms)[0m  [1m[35mALTER TABLE "internal_transfer_logs" ADD CONSTRAINT "fk_rails_ba16e87cf5"
FOREIGN KEY ("source_account_id")
  REFERENCES "accounts" ("id")
[0m
  ↳ db/migrate/20190511125458_create_internal_transfer_logs.rb:9
  [1m[35m (3.1ms)[0m  [1m[35mALTER TABLE "internal_transfer_logs" ADD CONSTRAINT "fk_rails_9c775a9b92"
FOREIGN KEY ("destination_account_id")
  REFERENCES "accounts" ("id")
[0m
  ↳ db/migrate/20190511125458_create_internal_transfer_logs.rb:10
  [1m[36mActiveRecord::SchemaMigration Create (1.1ms)[0m  [1m[32mINSERT INTO "schema_migrations" ("version") VALUES ($1) RETURNING "version"[0m  [["version", "20190511125458"]]
  ↳ /Users/dodo/.rvm/rubies/ruby-2.6.0/lib/ruby/gems/2.6.0/gems/rake-12.3.2/lib/rake/task.rb:273
  [1m[35m (6.1ms)[0m  [1m[35mCOMMIT[0m
  ↳ /Users/dodo/.rvm/rubies/ruby-2.6.0/lib/ruby/gems/2.6.0/gems/rake-12.3.2/lib/rake/task.rb:273
  [1m[36mActiveRecord::InternalMetadata Load (7.0ms)[0m  [1m[34mSELECT  "ar_internal_metadata".* FROM "ar_internal_metadata" WHERE "ar_internal_metadata"."key" = $1 LIMIT $2[0m  [["key", "environment"], ["LIMIT", 1]]
  ↳ /Users/dodo/.rvm/rubies/ruby-2.6.0/lib/ruby/gems/2.6.0/gems/rake-12.3.2/lib/rake/task.rb:273
  [1m[35m (0.4ms)[0m  [1m[35mBEGIN[0m
  ↳ /Users/dodo/.rvm/rubies/ruby-2.6.0/lib/ruby/gems/2.6.0/gems/rake-12.3.2/lib/rake/task.rb:273
  [1m[35m (0.2ms)[0m  [1m[35mCOMMIT[0m
  ↳ /Users/dodo/.rvm/rubies/ruby-2.6.0/lib/ruby/gems/2.6.0/gems/rake-12.3.2/lib/rake/task.rb:273
  [1m[35m (0.4ms)[0m  [1m[34mSELECT pg_advisory_unlock(1455748880368644120)[0m
  ↳ /Users/dodo/.rvm/rubies/ruby-2.6.0/lib/ruby/gems/2.6.0/gems/rake-12.3.2/lib/rake/task.rb:273
  [1m[35m (0.5ms)[0m  [1m[34mSELECT "schema_migrations"."version" FROM "schema_migrations" ORDER BY "schema_migrations"."version" ASC[0m
  ↳ /Users/dodo/.rvm/rubies/ruby-2.6.0/lib/ruby/gems/2.6.0/gems/rake-12.3.2/lib/rake/task.rb:273
  [1m[35m (43.2ms)[0m  [1m[35mCREATE TABLE "schema_migrations" ("version" character varying NOT NULL PRIMARY KEY)[0m
  ↳ /Users/dodo/.rvm/rubies/ruby-2.6.0/lib/ruby/gems/2.6.0/gems/rake-12.3.2/lib/rake/task.rb:273
  [1m[35m (9.9ms)[0m  [1m[35mCREATE TABLE "ar_internal_metadata" ("key" character varying NOT NULL PRIMARY KEY, "value" character varying, "created_at" timestamp NOT NULL, "updated_at" timestamp NOT NULL)[0m
  ↳ /Users/dodo/.rvm/rubies/ruby-2.6.0/lib/ruby/gems/2.6.0/gems/rake-12.3.2/lib/rake/task.rb:273
  [1m[35m (3.7ms)[0m  [1m[34mSELECT pg_try_advisory_lock(1455748880368644120)[0m
  ↳ /Users/dodo/.rvm/rubies/ruby-2.6.0/lib/ruby/gems/2.6.0/gems/rake-12.3.2/lib/rake/task.rb:273
  [1m[35m (4.4ms)[0m  [1m[34mSELECT "schema_migrations"."version" FROM "schema_migrations" ORDER BY "schema_migrations"."version" ASC[0m
  ↳ /Users/dodo/.rvm/rubies/ruby-2.6.0/lib/ruby/gems/2.6.0/gems/rake-12.3.2/lib/rake/task.rb:273
Migrating to DeviseCreateUsers (20190428063126)
  [1m[35m (0.5ms)[0m  [1m[35mBEGIN[0m
  ↳ /Users/dodo/.rvm/rubies/ruby-2.6.0/lib/ruby/gems/2.6.0/gems/rake-12.3.2/lib/rake/task.rb:273
  [1m[35m (22.8ms)[0m  [1m[35mCREATE TABLE "users" ("id" bigserial primary key, "email" character varying DEFAULT '' NOT NULL, "encrypted_password" character varying DEFAULT '' NOT NULL, "reset_password_token" character varying, "reset_password_sent_at" timestamp, "remember_created_at" timestamp, "created_at" timestamp NOT NULL, "updated_at" timestamp NOT NULL)[0m
  ↳ db/migrate/20190428063126_devise_create_users.rb:5
  [1m[35m (5.0ms)[0m  [1m[35mCREATE UNIQUE INDEX  "index_users_on_email" ON "users"  ("email")[0m
  ↳ db/migrate/20190428063126_devise_create_users.rb:39
  [1m[35m (2.1ms)[0m  [1m[35mCREATE UNIQUE INDEX  "index_users_on_reset_password_token" ON "users"  ("reset_password_token")[0m
  ↳ db/migrate/20190428063126_devise_create_users.rb:40
  [1m[36mActiveRecord::SchemaMigration Create (1.0ms)[0m  [1m[32mINSERT INTO "schema_migrations" ("version") VALUES ($1) RETURNING "version"[0m  [["version", "20190428063126"]]
  ↳ /Users/dodo/.rvm/rubies/ruby-2.6.0/lib/ruby/gems/2.6.0/gems/rake-12.3.2/lib/rake/task.rb:273
  [1m[35m (1.3ms)[0m  [1m[35mCOMMIT[0m
  ↳ /Users/dodo/.rvm/rubies/ruby-2.6.0/lib/ruby/gems/2.6.0/gems/rake-12.3.2/lib/rake/task.rb:273
Migrating to CreateActiveAdminComments (20190428111758)
  [1m[35m (0.5ms)[0m  [1m[35mBEGIN[0m
  ↳ /Users/dodo/.rvm/rubies/ruby-2.6.0/lib/ruby/gems/2.6.0/gems/rake-12.3.2/lib/rake/task.rb:273
  [1m[35m (20.9ms)[0m  [1m[35mCREATE TABLE "active_admin_comments" ("id" bigserial primary key, "namespace" character varying, "body" text, "resource_type" character varying, "resource_id" bigint, "author_type" character varying, "author_id" bigint, "created_at" timestamp NOT NULL, "updated_at" timestamp NOT NULL)[0m
  ↳ db/migrate/20190428111758_create_active_admin_comments.rb:3
  [1m[35m (4.5ms)[0m  [1m[35mCREATE  INDEX  "index_active_admin_comments_on_resource_type_and_resource_id" ON "active_admin_comments"  ("resource_type", "resource_id")[0m
  ↳ db/migrate/20190428111758_create_active_admin_comments.rb:3
  [1m[35m (3.2ms)[0m  [1m[35mCREATE  INDEX  "index_active_admin_comments_on_author_type_and_author_id" ON "active_admin_comments"  ("author_type", "author_id")[0m
  ↳ db/migrate/20190428111758_create_active_admin_comments.rb:3
  [1m[35m (5.2ms)[0m  [1m[35mCREATE  INDEX  "index_active_admin_comments_on_namespace" ON "active_admin_comments"  ("namespace")[0m
  ↳ db/migrate/20190428111758_create_active_admin_comments.rb:10
  [1m[36mActiveRecord::SchemaMigration Create (0.7ms)[0m  [1m[32mINSERT INTO "schema_migrations" ("version") VALUES ($1) RETURNING "version"[0m  [["version", "20190428111758"]]
  ↳ /Users/dodo/.rvm/rubies/ruby-2.6.0/lib/ruby/gems/2.6.0/gems/rake-12.3.2/lib/rake/task.rb:273
  [1m[35m (2.6ms)[0m  [1m[35mCOMMIT[0m
  ↳ /Users/dodo/.rvm/rubies/ruby-2.6.0/lib/ruby/gems/2.6.0/gems/rake-12.3.2/lib/rake/task.rb:273
Migrating to CreateCategory (20190511122444)
  [1m[35m (0.7ms)[0m  [1m[35mBEGIN[0m
  ↳ /Users/dodo/.rvm/rubies/ruby-2.6.0/lib/ruby/gems/2.6.0/gems/rake-12.3.2/lib/rake/task.rb:273
  [1m[35m (8.5ms)[0m  [1m[35mCREATE TABLE "categories" ("id" bigserial primary key, "name" character varying NOT NULL, "slug" character varying NOT NULL, "eligible_mode" integer NOT NULL, "inactivated_at" timestamp, "user_id" bigint NOT NULL)[0m
  ↳ db/migrate/20190511122444_create_category.rb:3
  [1m[35m (1.6ms)[0m  [1m[35mCREATE  INDEX  "index_categories_on_user_id" ON "categories"  ("user_id")[0m
  ↳ db/migrate/20190511122444_create_category.rb:3
  [1m[35m (20.7ms)[0m  [1m[35mALTER TABLE "categories" ADD CONSTRAINT "fk_rails_b8e2f7adfc"
FOREIGN KEY ("user_id")
  REFERENCES "users" ("id")
[0m
  ↳ db/migrate/20190511122444_create_category.rb:10
  [1m[36mActiveRecord::SchemaMigration Create (0.6ms)[0m  [1m[32mINSERT INTO "schema_migrations" ("version") VALUES ($1) RETURNING "version"[0m  [["version", "20190511122444"]]
  ↳ /Users/dodo/.rvm/rubies/ruby-2.6.0/lib/ruby/gems/2.6.0/gems/rake-12.3.2/lib/rake/task.rb:273
  [1m[35m (1.6ms)[0m  [1m[35mCOMMIT[0m
  ↳ /Users/dodo/.rvm/rubies/ruby-2.6.0/lib/ruby/gems/2.6.0/gems/rake-12.3.2/lib/rake/task.rb:273
Migrating to CreateAccounts (20190511123313)
  [1m[35m (0.7ms)[0m  [1m[35mBEGIN[0m
  ↳ /Users/dodo/.rvm/rubies/ruby-2.6.0/lib/ruby/gems/2.6.0/gems/rake-12.3.2/lib/rake/task.rb:273
  [1m[35m (10.7ms)[0m  [1m[35mCREATE TABLE "accounts" ("id" bigserial primary key, "name" character varying NOT NULL, "slug" character varying NOT NULL, "note" text, "current_value" float NOT NULL, "inactivated_at" timestamp, "user_id" bigint NOT NULL, "created_at" timestamp NOT NULL, "updated_at" timestamp NOT NULL)[0m
  ↳ db/migrate/20190511123313_create_accounts.rb:3
  [1m[35m (3.2ms)[0m  [1m[35mCREATE  INDEX  "index_accounts_on_user_id" ON "accounts"  ("user_id")[0m
  ↳ db/migrate/20190511123313_create_accounts.rb:3
  [1m[35m (5.8ms)[0m  [1m[35mALTER TABLE "accounts" ADD CONSTRAINT "fk_rails_b1e30bebc8"
FOREIGN KEY ("user_id")
  REFERENCES "users" ("id")
[0m
  ↳ db/migrate/20190511123313_create_accounts.rb:12
  [1m[36mActiveRecord::SchemaMigration Create (0.5ms)[0m  [1m[32mINSERT INTO "schema_migrations" ("version") VALUES ($1) RETURNING "version"[0m  [["version", "20190511123313"]]
  ↳ /Users/dodo/.rvm/rubies/ruby-2.6.0/lib/ruby/gems/2.6.0/gems/rake-12.3.2/lib/rake/task.rb:273
  [1m[35m (2.5ms)[0m  [1m[35mCOMMIT[0m
  ↳ /Users/dodo/.rvm/rubies/ruby-2.6.0/lib/ruby/gems/2.6.0/gems/rake-12.3.2/lib/rake/task.rb:273
Migrating to CreateExpenseLogs (20190511124245)
  [1m[35m (0.5ms)[0m  [1m[35mBEGIN[0m
  ↳ /Users/dodo/.rvm/rubies/ruby-2.6.0/lib/ruby/gems/2.6.0/gems/rake-12.3.2/lib/rake/task.rb:273
  [1m[35m (8.0ms)[0m  [1m[35mCREATE TABLE "expense_logs" ("id" bigserial primary key, "user_id" bigint NOT NULL, "account_id" bigint NOT NULL, "category_id" bigint NOT NULL, "amount" float NOT NULL, "note" text NOT NULL, "mode" integer NOT NULL, "created_at" timestamp NOT NULL, "updated_at" timestamp NOT NULL)[0m
  ↳ db/migrate/20190511124245_create_expense_logs.rb:3
  [1m[35m (1.3ms)[0m  [1m[35mCREATE  INDEX  "index_expense_logs_on_user_id" ON "expense_logs"  ("user_id")[0m
  ↳ db/migrate/20190511124245_create_expense_logs.rb:3
  [1m[35m (5.1ms)[0m  [1m[35mCREATE  INDEX  "index_expense_logs_on_account_id" ON "expense_logs"  ("account_id")[0m
  ↳ db/migrate/20190511124245_create_expense_logs.rb:3
  [1m[35m (3.7ms)[0m  [1m[35mCREATE  INDEX  "index_expense_logs_on_category_id" ON "expense_logs"  ("category_id")[0m
  ↳ db/migrate/20190511124245_create_expense_logs.rb:3
  [1m[35m (22.1ms)[0m  [1m[35mALTER TABLE "expense_logs" ADD CONSTRAINT "fk_rails_fb3441750e"
FOREIGN KEY ("user_id")
  REFERENCES "users" ("id")
[0m
  ↳ db/migrate/20190511124245_create_expense_logs.rb:13
  [1m[35m (2.6ms)[0m  [1m[35mALTER TABLE "expense_logs" ADD CONSTRAINT "fk_rails_dd96d3b456"
FOREIGN KEY ("category_id")
  REFERENCES "categories" ("id")
[0m
  ↳ db/migrate/20190511124245_create_expense_logs.rb:14
  [1m[35m (3.4ms)[0m  [1m[35mALTER TABLE "expense_logs" ADD CONSTRAINT "fk_rails_c845512e09"
FOREIGN KEY ("account_id")
  REFERENCES "accounts" ("id")
[0m
  ↳ db/migrate/20190511124245_create_expense_logs.rb:15
  [1m[36mActiveRecord::SchemaMigration Create (0.5ms)[0m  [1m[32mINSERT INTO "schema_migrations" ("version") VALUES ($1) RETURNING "version"[0m  [["version", "20190511124245"]]
  ↳ /Users/dodo/.rvm/rubies/ruby-2.6.0/lib/ruby/gems/2.6.0/gems/rake-12.3.2/lib/rake/task.rb:273
  [1m[35m (2.1ms)[0m  [1m[35mCOMMIT[0m
  ↳ /Users/dodo/.rvm/rubies/ruby-2.6.0/lib/ruby/gems/2.6.0/gems/rake-12.3.2/lib/rake/task.rb:273
Migrating to CreateInternalTransferLogs (20190511125458)
  [1m[35m (0.6ms)[0m  [1m[35mBEGIN[0m
  ↳ /Users/dodo/.rvm/rubies/ruby-2.6.0/lib/ruby/gems/2.6.0/gems/rake-12.3.2/lib/rake/task.rb:273
  [1m[35m (5.8ms)[0m  [1m[35mCREATE TABLE "internal_transfer_logs" ("id" bigserial primary key, "source_account_id" bigint NOT NULL, "destination_account_id" bigint NOT NULL, "expense_log_id" bigint NOT NULL, "created_at" timestamp NOT NULL, "updated_at" timestamp NOT NULL)[0m
  ↳ db/migrate/20190511125458_create_internal_transfer_logs.rb:3
  [1m[35m (4.1ms)[0m  [1m[35mCREATE  INDEX  "index_internal_transfer_logs_on_source_account_id" ON "internal_transfer_logs"  ("source_account_id")[0m
  ↳ db/migrate/20190511125458_create_internal_transfer_logs.rb:3
  [1m[35m (3.6ms)[0m  [1m[35mCREATE  INDEX  "index_internal_transfer_logs_on_destination_account_id" ON "internal_transfer_logs"  ("destination_account_id")[0m
  ↳ db/migrate/20190511125458_create_internal_transfer_logs.rb:3
  [1m[35m (5.2ms)[0m  [1m[35mCREATE  INDEX  "index_internal_transfer_logs_on_expense_log_id" ON "internal_transfer_logs"  ("expense_log_id")[0m
  ↳ db/migrate/20190511125458_create_internal_transfer_logs.rb:3
  [1m[35m (11.1ms)[0m  [1m[35mALTER TABLE "internal_transfer_logs" ADD CONSTRAINT "fk_rails_ba16e87cf5"
FOREIGN KEY ("source_account_id")
  REFERENCES "accounts" ("id")
[0m
  ↳ db/migrate/20190511125458_create_internal_transfer_logs.rb:9
  [1m[35m (1.9ms)[0m  [1m[35mALTER TABLE "internal_transfer_logs" ADD CONSTRAINT "fk_rails_9c775a9b92"
FOREIGN KEY ("destination_account_id")
  REFERENCES "accounts" ("id")
[0m
  ↳ db/migrate/20190511125458_create_internal_transfer_logs.rb:10
  [1m[35m (2.3ms)[0m  [1m[35mALTER TABLE "internal_transfer_logs" ADD CONSTRAINT "fk_rails_80be750fb2"
FOREIGN KEY ("expense_log_id")
  REFERENCES "expense_logs" ("id")
[0m
  ↳ db/migrate/20190511125458_create_internal_transfer_logs.rb:11
  [1m[36mActiveRecord::SchemaMigration Create (0.6ms)[0m  [1m[32mINSERT INTO "schema_migrations" ("version") VALUES ($1) RETURNING "version"[0m  [["version", "20190511125458"]]
  ↳ /Users/dodo/.rvm/rubies/ruby-2.6.0/lib/ruby/gems/2.6.0/gems/rake-12.3.2/lib/rake/task.rb:273
  [1m[35m (0.6ms)[0m  [1m[35mCOMMIT[0m
  ↳ /Users/dodo/.rvm/rubies/ruby-2.6.0/lib/ruby/gems/2.6.0/gems/rake-12.3.2/lib/rake/task.rb:273
  [1m[36mActiveRecord::InternalMetadata Load (2.4ms)[0m  [1m[34mSELECT  "ar_internal_metadata".* FROM "ar_internal_metadata" WHERE "ar_internal_metadata"."key" = $1 LIMIT $2[0m  [["key", "environment"], ["LIMIT", 1]]
  ↳ /Users/dodo/.rvm/rubies/ruby-2.6.0/lib/ruby/gems/2.6.0/gems/rake-12.3.2/lib/rake/task.rb:273
  [1m[35m (0.4ms)[0m  [1m[35mBEGIN[0m
  ↳ /Users/dodo/.rvm/rubies/ruby-2.6.0/lib/ruby/gems/2.6.0/gems/rake-12.3.2/lib/rake/task.rb:273
  [1m[36mActiveRecord::InternalMetadata Create (1.2ms)[0m  [1m[32mINSERT INTO "ar_internal_metadata" ("key", "value", "created_at", "updated_at") VALUES ($1, $2, $3, $4) RETURNING "key"[0m  [["key", "environment"], ["value", "development"], ["created_at", "2019-05-11 13:09:03.224545"], ["updated_at", "2019-05-11 13:09:03.224545"]]
  ↳ /Users/dodo/.rvm/rubies/ruby-2.6.0/lib/ruby/gems/2.6.0/gems/rake-12.3.2/lib/rake/task.rb:273
  [1m[35m (4.8ms)[0m  [1m[35mCOMMIT[0m
  ↳ /Users/dodo/.rvm/rubies/ruby-2.6.0/lib/ruby/gems/2.6.0/gems/rake-12.3.2/lib/rake/task.rb:273
  [1m[35m (0.6ms)[0m  [1m[34mSELECT pg_advisory_unlock(1455748880368644120)[0m
  ↳ /Users/dodo/.rvm/rubies/ruby-2.6.0/lib/ruby/gems/2.6.0/gems/rake-12.3.2/lib/rake/task.rb:273
  [1m[35m (5.8ms)[0m  [1m[34mSELECT "schema_migrations"."version" FROM "schema_migrations" ORDER BY "schema_migrations"."version" ASC[0m
  ↳ /Users/dodo/.rvm/rubies/ruby-2.6.0/lib/ruby/gems/2.6.0/gems/rake-12.3.2/lib/rake/task.rb:273
